2023-02-19 17:58:34 [scrapy] DEBUG: Crawled (200) <GET https://store.steampowered.com/robots.txt> (referer: None) ['cached']
2023-02-19 17:58:34 [scrapy] DEBUG: Crawled (200) <GET https://store.steampowered.com/search/?filter=topsellers> (referer: None) ['cached']
2023-02-19 17:58:35 [scrapy] ERROR: Spider error processing <GET https://store.steampowered.com/search/?filter=topsellers> (referer: None)
Traceback (most recent call last):
  File "/home/milo/anaconda3/envs/scrapy-env/lib/python3.9/site-packages/twisted/internet/defer.py", line 1064, in adapt
    extracted = result.result()
  File "/home/milo/anaconda3/envs/scrapy-env/lib/python3.9/site-packages/scrapy/utils/asyncgen.py", line 6, in collect_asyncgen
    async for x in result:
  File "/home/milo/udemy_scrapy/2-scrapy_advanced/projects/steam_store/steam_store/spiders/steam.py", line 33, in parse
    page = response.meta['playwright_page']
KeyError: 'playwright_page'
2023-02-19 17:58:35 [scrapy] INFO: Closing spider (finished)
2023-02-19 17:58:35 [scrapy] INFO: Dumping Scrapy stats:
{'downloader/request_bytes': 487,
 'downloader/request_count': 2,
 'downloader/request_method_count/GET': 2,
 'downloader/response_bytes': 734984,
 'downloader/response_count': 2,
 'downloader/response_status_count/200': 2,
 'elapsed_time_seconds': 5.212688,
 'finish_reason': 'finished',
 'finish_time': datetime.datetime(2023, 2, 19, 22, 58, 35, 149830),
 'httpcache/hit': 2,
 'log_count/DEBUG': 4,
 'log_count/ERROR': 1,
 'log_count/INFO': 9,
 'memusage/max': 77250560,
 'memusage/startup': 77250560,
 'response_received_count': 2,
 'robotstxt/request_count': 1,
 'robotstxt/response_count': 1,
 'robotstxt/response_status_count/200': 1,
 'scheduler/dequeued': 1,
 'scheduler/dequeued/memory': 1,
 'scheduler/enqueued': 1,
 'scheduler/enqueued/memory': 1,
 'spider_exceptions/KeyError': 1,
 'start_time': datetime.datetime(2023, 2, 19, 22, 58, 29, 937142)}
2023-02-19 17:58:35 [scrapy] INFO: Spider closed (finished)
